<?xml version="1.0" encoding="UTF-8"?>
<!-- Generated by org.testng.reporters.JUnitReportReporter -->
<testsuite hostname="DESKTOP-GTO6C35" failures="0" tests="2" name="ui.DataProvider" time="14.960" errors="0" timestamp="2021-06-12T19:55:10 IST" skipped="0">
  <testcase classname="ui.DataProvider" name="test" time="8.091"/>
  <system-out/>
  <testcase classname="ui.DataProvider" name="test" time="6.869"/>
  <system-out/>
</testsuite> <!-- ui.DataProvider -->
