<?xml version="1.0" encoding="UTF-8"?>
<!-- Generated by org.testng.reporters.JUnitReportReporter -->
<testsuite hostname="DESKTOP-GTO6C35" failures="0" tests="3" name="ui.SkipTestInTestNG" time="0.892" errors="0" timestamp="2021-06-12T19:45:05 IST" skipped="1">
  <testcase classname="ui.SkipTestInTestNG" name="operation3" time="0.010"/>
  <system-out/>
  <testcase classname="ui.SkipTestInTestNG" name="operation1" time="0.882"/>
  <system-out/>
  <testcase classname="ui.SkipTestInTestNG" name="operation2">
    <skipped/>
  </testcase> <!-- operation2 -->
  <system-out/>
</testsuite> <!-- ui.SkipTestInTestNG -->
