<?xml version="1.0" encoding="UTF-8"?>
<!-- Generated by org.testng.reporters.JUnitReportReporter -->
<testsuite hostname="DESKTOP-GTO6C35" failures="0" tests="2" name="ui.VerifyTitleTest" time="2.024" errors="0" timestamp="2021-05-30T12:29:03 IST" skipped="0">
  <testcase classname="ui.VerifyTitleTest" name="verifyTitleSoftAssert" time="0.242"/>
  <system-out/>
  <testcase classname="ui.VerifyTitleTest" name="verifyTitleHardAssert" time="1.782"/>
  <system-out/>
</testsuite> <!-- ui.VerifyTitleTest -->
