<?xml version="1.0" encoding="UTF-8"?>
<!-- Generated by org.testng.reporters.JUnitReportReporter -->
<testsuite hostname="DESKTOP-GTO6C35" failures="0" tests="1" name="ui.LoginClass" time="5.736" errors="0" timestamp="2021-05-29T16:03:27 IST" skipped="0">
  <testcase classname="ui.LoginClass" name="loginClass" time="5.736"/>
  <system-out/>
</testsuite> <!-- ui.LoginClass -->
