<?xml version="1.0" encoding="UTF-8"?>
<!-- Generated by org.testng.reporters.JUnitReportReporter -->
<testsuite hostname="DESKTOP-GTO6C35" failures="0" tests="2" name="ui.LoginClass" time="6.956" errors="0" timestamp="2021-05-30T12:29:03 IST" skipped="0">
  <testcase classname="ui.LoginClass" name="sampleProgram" time="0.011"/>
  <system-out/>
  <testcase classname="ui.LoginClass" name="loginClass" time="6.945"/>
  <system-out/>
</testsuite> <!-- ui.LoginClass -->
