<?xml version="1.0" encoding="UTF-8"?>
<!-- Generated by org.testng.reporters.JUnitReportReporter -->
<testsuite hostname="DESKTOP-GTO6C35" failures="0" tests="3" name="ui.TestSuitCreation" time="2.843" errors="0" timestamp="2021-05-30T12:29:03 IST" skipped="0">
  <testcase classname="ui.TestSuitCreation" name="setBrowser" time="1.238"/>
  <system-out/>
  <testcase classname="ui.TestSuitCreation" name="operation" time="1.486"/>
  <system-out/>
  <testcase classname="ui.TestSuitCreation" name="closeEverything" time="0.119"/>
  <system-out/>
</testsuite> <!-- ui.TestSuitCreation -->
